<?xml version="1.0" encoding="UTF-8"?>
<testsuite xmlns:xsi="http://www.w3.org/2001/XMLSchema-instance" xsi:noNamespaceSchemaLocation="https://maven.apache.org/surefire/maven-surefire-plugin/xsd/surefire-test-report.xsd" version="3.0.2" name="com.in28minutes.springboot.controller.AuthControllerTest" time="0.165" tests="6" errors="0" skipped="0" failures="0">
  <properties>
[...]
</properties>
  <testcase name="registerDuplicateEmailFails" classname="com.in28minutes.springboot.controller.AuthControllerTest" time="0.014">
    <system-out><![CDATA[2026-03-12T14:22:07.774-04:00  INFO 12146 --- [           main] [                                                 ] t.c.s.AnnotationConfigContextLoaderUtils : Could not detect default configuration classes for test class [com.in28minutes.springboot.controller.AuthControllerTest]: AuthControllerTest does not declare any static, non-private, non-final, nested classes annotated with @Configuration.
2026-03-12T14:22:07.775-04:00  INFO 12146 --- [           main] [                                                 ] .b.t.c.SpringBootTestContextBootstrapper : Found @SpringBootConfiguration com.in28minutes.springboot.StudentServicesApplication for test class com.in28minutes.springboot.controller.AuthControllerTest
Hibernate: select s1_0.id from students s1_0 where s1_0.username=? fetch first ? rows only
Hibernate: select s1_0.id from students s1_0 where s1_0.email=? fetch first ? rows only
]]></system-out>
  </testcase>
  <testcase name="registerWithInvalidDataFails" classname="com.in28minutes.springboot.controller.AuthControllerTest" time="0.009">
    <system-out><![CDATA[2026-03-12T14:22:07.798-04:00  WARN 12146 --- [           main] [                                                 ] .w.s.m.s.DefaultHandlerExceptionResolver : Resolved [org.springframework.web.bind.MethodArgumentNotValidException: Validation failed for argument [0] in public org.springframework.http.ResponseEntity<com.in28minutes.springboot.dto.StudentDTO> com.in28minutes.springboot.controller.AuthController.register(com.in28minutes.springboot.dto.RegisterRequest) with 6 errors: [Field error in object 'registerRequest' on field 'email': rejected value [not-an-email]; codes [Email.registerRequest.email,Email.email,Email.java.lang.String,Email]; arguments [org.springframework.context.support.DefaultMessageSourceResolvable: codes [registerRequest.email,email]; arguments []; default message [email],[Ljakarta.validation.constraints.Pattern$Flag;@1775ff4a,.*]; default message [must be a well-formed email address]] [Field error in object 'registerRequest' on field 'name': rejected value []; codes [Size.registerRequest.name,Size.name,Size.java.lang.String,Size]; arguments [org.springframework.context.support.DefaultMessageSourceResolvable: codes [registerRequest.name,name]; arguments []; default message [name],100,2]; default message [size must be between 2 and 100]] [Field error in object 'registerRequest' on field 'password': rejected value [123]; codes [Size.registerRequest.password,Size.password,Size.java.lang.String,Size]; arguments [org.springframework.context.support.DefaultMessageSourceResolvable: codes [registerRequest.password,password]; arguments []; default message [password],2147483647,6]; default message [size must be between 6 and 2147483647]] [Field error in object 'registerRequest' on field 'name': rejected value []; codes [NotBlank.registerRequest.name,NotBlank.name,NotBlank.java.lang.String,NotBlank]; arguments [org.springframework.context.support.DefaultMessageSourceResolvable: codes [registerRequest.name,name]; arguments []; default message [name]]; default message [must not be blank]] [Field error in object 'registerRequest' on field 'username': rejected value [ab]; codes [Size.registerRequest.username,Size.username,Size.java.lang.String,Size]; arguments [org.springframework.context.support.DefaultMessageSourceResolvable: codes [registerRequest.username,username]; arguments []; default message [username],50,3]; default message [size must be between 3 and 50]] [Field error in object 'registerRequest' on field 'age': rejected value [10]; codes [Min.registerRequest.age,Min.age,Min.int,Min]; arguments [org.springframework.context.support.DefaultMessageSourceResolvable: codes [registerRequest.age,age]; arguments []; default message [age],16]; default message [must be greater than or equal to 16]] ]
]]></system-out>
  </testcase>
  <testcase name="loginWithValidCredentials" classname="com.in28minutes.springboot.controller.AuthControllerTest" time="0.068">
    <system-out><![CDATA[Hibernate: select s1_0.id,s1_0.age,s1_0.bio,s1_0.email,s1_0.gpa,s1_0.name,s1_0.password,s1_0.role,s1_0.username from students s1_0 where s1_0.username=?
]]></system-out>
  </testcase>
  <testcase name="unauthenticatedRequestToProtectedEndpointReturns401" classname="com.in28minutes.springboot.controller.AuthControllerTest" time="0.002"/>
  <testcase name="registerNewStudent" classname="com.in28minutes.springboot.controller.AuthControllerTest" time="0.066">
    <system-out><![CDATA[Hibernate: select s1_0.id from students s1_0 where s1_0.username=? fetch first ? rows only
Hibernate: select s1_0.id from students s1_0 where s1_0.email=? fetch first ? rows only
Hibernate: insert into students (age,bio,email,gpa,name,password,role,username,id) values (?,?,?,?,?,?,?,?,default)
]]></system-out>
  </testcase>
  <testcase name="registerDuplicateUsernameFails" classname="com.in28minutes.springboot.controller.AuthControllerTest" time="0.003">
    <system-out><![CDATA[Hibernate: select s1_0.id from students s1_0 where s1_0.username=? fetch first ? rows only
]]></system-out>
  </testcase>
</testsuite>