<?xml version="1.0" encoding="UTF-8"?>
<testsuite xmlns:xsi="http://www.w3.org/2001/XMLSchema-instance" xsi:noNamespaceSchemaLocation="https://maven.apache.org/surefire/maven-surefire-plugin/xsd/surefire-test-report.xsd" version="3.0.2" name="com.in28minutes.springboot.controller.StudentControllerTest" time="4.057" tests="13" errors="0" skipped="0" failures="1">
  <properties>
[...]
</properties>
  <testcase name="studentProfileIncludesEnrollments" classname="com.in28minutes.springboot.controller.StudentControllerTest" time="0.519">
    <system-out><![CDATA[14:22:03.782 [main] INFO org.springframework.test.context.support.AnnotationConfigContextLoaderUtils -- Could not detect default configuration classes for test class [com.in28minutes.springboot.controller.StudentControllerTest]: StudentControllerTest does not declare any static, non-private, non-final, nested classes annotated with @Configuration.
14:22:03.851 [main] INFO org.springframework.boot.test.context.SpringBootTestContextBootstrapper -- Found @SpringBootConfiguration com.in28minutes.springboot.StudentServicesApplication for test class com.in28minutes.springboot.controller.StudentControllerTest
14:22:03.905 [main] INFO org.springframework.boot.devtools.restart.RestartApplicationListener -- Restart disabled due to context in which it is running

  .   ____          _            __ _ _
 /\\ / ___'_ __ _ _(_)_ __  __ _ \ \ \ \
( ( )\___ | '_ | '_| | '_ \/ _` | \ \ \ \
 \\/  ___)| |_)| | | | | || (_| |  ) ) ) )
  '  |____| .__|_| |_|_| |_\__, | / / / /
 =========|_|==============|___/=/_/_/_/

 :: Spring Boot ::             (v4.0.0-M1)

2026-03-12T14:22:04.003-04:00  INFO 12146 --- [           main] [                                                 ] c.i.s.controller.StudentControllerTest   : Starting StudentControllerTest using Java 24.0.1 with PID 12146 (started by od in /Users/od/Documents/github/ecs-deployment-automation/spring-boot-examples/spring-boot-web-application)
2026-03-12T14:22:04.004-04:00  INFO 12146 --- [           main] [                                                 ] c.i.s.controller.StudentControllerTest   : No active profile set, falling back to 1 default profile: "default"
2026-03-12T14:22:04.347-04:00  INFO 12146 --- [           main] [                                                 ] .s.d.r.c.RepositoryConfigurationDelegate : Bootstrapping Spring Data JPA repositories in DEFAULT mode.
2026-03-12T14:22:04.374-04:00  INFO 12146 --- [           main] [                                                 ] .s.d.r.c.RepositoryConfigurationDelegate : Finished Spring Data repository scanning in 22 ms. Found 3 JPA repository interfaces.
2026-03-12T14:22:04.598-04:00  INFO 12146 --- [           main] [                                                 ] o.hibernate.jpa.internal.util.LogHelper  : HHH000204: Processing PersistenceUnitInfo [name: default]
2026-03-12T14:22:04.613-04:00  INFO 12146 --- [           main] [                                                 ] org.hibernate.Version                    : HHH000412: Hibernate ORM core version 7.0.7.Final
2026-03-12T14:22:04.773-04:00  INFO 12146 --- [           main] [                                                 ] o.s.o.j.p.SpringPersistenceUnitInfo      : No LoadTimeWeaver setup: ignoring JPA class transformer
2026-03-12T14:22:04.786-04:00  INFO 12146 --- [           main] [                                                 ] com.zaxxer.hikari.HikariDataSource       : HikariPool-1 - Starting...
2026-03-12T14:22:04.853-04:00  INFO 12146 --- [           main] [                                                 ] com.zaxxer.hikari.pool.HikariPool        : HikariPool-1 - Added connection conn0: url=jdbc:h2:mem:studentdb user=SA
2026-03-12T14:22:04.854-04:00  INFO 12146 --- [           main] [                                                 ] com.zaxxer.hikari.HikariDataSource       : HikariPool-1 - Start completed.
2026-03-12T14:22:04.862-04:00  WARN 12146 --- [           main] [                                                 ] org.hibernate.orm.deprecation            : HHH90000025: H2Dialect does not need to be specified explicitly using 'hibernate.dialect' (remove the property setting and it will be selected by default)
2026-03-12T14:22:04.870-04:00  INFO 12146 --- [           main] [                                                 ] org.hibernate.orm.connections.pooling    : HHH10001005: Database info:
	Database JDBC URL [jdbc:h2:mem:studentdb]
	Database driver: H2 JDBC Driver
	Database version: 2.3.232
	Autocommit mode: undefined/unknown
	Isolation level: READ_COMMITTED [default READ_COMMITTED]
	Pool: DatasourceConnectionProviderImpl
	Minimum pool size: undefined/unknown
	Maximum pool size: undefined/unknown
2026-03-12T14:22:05.223-04:00  INFO 12146 --- [           main] [                                                 ] o.h.e.t.j.p.i.JtaPlatformInitiator       : HHH000489: No JTA platform available (set 'hibernate.transaction.jta.platform' to enable JTA platform integration)
Hibernate: create table courses (id bigint generated by default as identity, credits integer not null, description varchar(2000), name varchar(255) not null, primary key (id))
Hibernate: create table enrollments (id bigint generated by default as identity, enrolled_at timestamp(6), grade float(53), status enum ('COMPLETED','DROPPED','ENROLLED'), course_id bigint not null, student_id bigint not null, primary key (id))
Hibernate: create table students (id bigint generated by default as identity, age integer not null check ((age>=16) and (age<=120)), bio varchar(1000), email varchar(255) not null, gpa float(53) not null, name varchar(100) not null, password varchar(255) not null, role enum ('ADMIN','STUDENT'), username varchar(255) not null, primary key (id))
Hibernate: alter table if exists courses drop constraint if exists UK5o6x4fpafbywj4v2g0owhh11r
Hibernate: alter table if exists courses add constraint UK5o6x4fpafbywj4v2g0owhh11r unique (name)
Hibernate: alter table if exists enrollments drop constraint if exists UKi0g6mfijtuh199nj653nva6j5
Hibernate: alter table if exists enrollments add constraint UKi0g6mfijtuh199nj653nva6j5 unique (student_id, course_id)
Hibernate: alter table if exists students drop constraint if exists UKe2rndfrsx22acpq2ty1caeuyw
Hibernate: alter table if exists students add constraint UKe2rndfrsx22acpq2ty1caeuyw unique (email)
Hibernate: alter table if exists students drop constraint if exists UKakwqgcdnid3qo41cqpdu4ke01
Hibernate: alter table if exists students add constraint UKakwqgcdnid3qo41cqpdu4ke01 unique (username)
Hibernate: alter table if exists enrollments add constraint FKho8mcicp4196ebpltdn9wl6co foreign key (course_id) references courses
Hibernate: alter table if exists enrollments add constraint FK8kf1u1857xgo56xbfmnif2c51 foreign key (student_id) references students
2026-03-12T14:22:05.253-04:00  INFO 12146 --- [           main] [                                                 ] j.LocalContainerEntityManagerFactoryBean : Initialized JPA EntityManagerFactory for persistence unit 'default'
2026-03-12T14:22:05.285-04:00  INFO 12146 --- [           main] [                                                 ] o.s.d.j.r.query.QueryEnhancerFactories   : Hibernate is in classpath; If applicable, HQL parser will be used.
2026-03-12T14:22:05.417-04:00  WARN 12146 --- [           main] [                                                 ] JpaBaseConfiguration$JpaWebConfiguration : spring.jpa.open-in-view is enabled by default. Therefore, database queries may be performed during view rendering. Explicitly configure spring.jpa.open-in-view to disable this warning
2026-03-12T14:22:05.460-04:00  INFO 12146 --- [           main] [                                                 ] r$InitializeUserDetailsManagerConfigurer : Global AuthenticationManager configured with UserDetailsService bean with name studentDetailsService
2026-03-12T14:22:05.692-04:00  INFO 12146 --- [           main] [                                                 ] o.s.b.t.m.w.SpringBootMockServletContext : Initializing Spring TestDispatcherServlet ''
2026-03-12T14:22:05.692-04:00  INFO 12146 --- [           main] [                                                 ] o.s.t.web.servlet.TestDispatcherServlet  : Initializing Servlet ''
2026-03-12T14:22:05.699-04:00  INFO 12146 --- [           main] [                                                 ] o.s.b.a.e.web.EndpointLinksResolver      : Exposing 1 endpoint beneath base path '/actuator'
2026-03-12T14:22:05.704-04:00  INFO 12146 --- [           main] [                                                 ] o.s.t.web.servlet.TestDispatcherServlet  : Completed initialization in 12 ms
2026-03-12T14:22:05.745-04:00  INFO 12146 --- [           main] [                                                 ] c.i.s.controller.StudentControllerTest   : Started StudentControllerTest in 1.844 seconds (process running for 2.315)
Hibernate: select count(*) from students s1_0
Hibernate: insert into students (age,bio,email,gpa,name,password,role,username,id) values (?,?,?,?,?,?,?,?,default)
Hibernate: insert into students (age,bio,email,gpa,name,password,role,username,id) values (?,?,?,?,?,?,?,?,default)
Hibernate: insert into students (age,bio,email,gpa,name,password,role,username,id) values (?,?,?,?,?,?,?,?,default)
Hibernate: insert into students (age,bio,email,gpa,name,password,role,username,id) values (?,?,?,?,?,?,?,?,default)
Hibernate: insert into students (age,bio,email,gpa,name,password,role,username,id) values (?,?,?,?,?,?,?,?,default)
Hibernate: insert into courses (credits,description,name,id) values (?,?,?,default)
Hibernate: insert into courses (credits,description,name,id) values (?,?,?,default)
Hibernate: insert into courses (credits,description,name,id) values (?,?,?,default)
Hibernate: insert into courses (credits,description,name,id) values (?,?,?,default)
Hibernate: insert into courses (credits,description,name,id) values (?,?,?,default)
Hibernate: insert into courses (credits,description,name,id) values (?,?,?,default)
Hibernate: insert into enrollments (course_id,enrolled_at,grade,status,student_id,id) values (?,?,?,?,?,default)
Hibernate: insert into enrollments (course_id,enrolled_at,grade,status,student_id,id) values (?,?,?,?,?,default)
Hibernate: insert into enrollments (course_id,enrolled_at,grade,status,student_id,id) values (?,?,?,?,?,default)
Hibernate: insert into enrollments (course_id,enrolled_at,grade,status,student_id,id) values (?,?,?,?,?,default)
Hibernate: insert into enrollments (course_id,enrolled_at,grade,status,student_id,id) values (?,?,?,?,?,default)
Hibernate: insert into enrollments (course_id,enrolled_at,grade,status,student_id,id) values (?,?,?,?,?,default)
Hibernate: insert into enrollments (course_id,enrolled_at,grade,status,student_id,id) values (?,?,?,?,?,default)
Hibernate: insert into enrollments (course_id,enrolled_at,grade,status,student_id,id) values (?,?,?,?,?,default)
Hibernate: insert into enrollments (course_id,enrolled_at,grade,status,student_id,id) values (?,?,?,?,?,default)
Hibernate: insert into enrollments (course_id,enrolled_at,grade,status,student_id,id) values (?,?,?,?,?,default)
Hibernate: insert into enrollments (course_id,enrolled_at,grade,status,student_id,id) values (?,?,?,?,?,default)
Hibernate: insert into enrollments (course_id,enrolled_at,grade,status,student_id,id) values (?,?,?,?,?,default)
Hibernate: select s1_0.id,s1_0.age,s1_0.bio,s1_0.email,s1_0.gpa,s1_0.name,s1_0.password,s1_0.role,s1_0.username from students s1_0
Hibernate: select s1_0.id,s1_0.age,s1_0.bio,s1_0.email,s1_0.gpa,s1_0.name,s1_0.password,s1_0.role,s1_0.username from students s1_0 where s1_0.username=?
Hibernate: select s1_0.id,s1_0.age,s1_0.bio,s1_0.email,s1_0.gpa,s1_0.name,s1_0.password,s1_0.role,s1_0.username from students s1_0 where s1_0.username=?
Hibernate: select e1_0.student_id,e1_0.id,e1_0.course_id,e1_0.enrolled_at,e1_0.grade,e1_0.status from enrollments e1_0 where e1_0.student_id=?
Hibernate: select c1_0.id,c1_0.credits,c1_0.description,c1_0.name from courses c1_0 where c1_0.id=?
Hibernate: select c1_0.id,c1_0.credits,c1_0.description,c1_0.name from courses c1_0 where c1_0.id=?
Hibernate: select c1_0.id,c1_0.credits,c1_0.description,c1_0.name from courses c1_0 where c1_0.id=?
]]></system-out>
    <system-err><![CDATA[Mockito is currently self-attaching to enable the inline-mock-maker. This will no longer work in future releases of the JDK. Please add Mockito as an agent to your build as described in Mockito's documentation: https://javadoc.io/doc/org.mockito/mockito-core/latest/org.mockito/org/mockito/Mockito.html#0.3
WARNING: A Java agent has been loaded dynamically (/Users/od/.m2/repository/net/bytebuddy/byte-buddy-agent/1.17.6/byte-buddy-agent-1.17.6.jar)
WARNING: If a serviceability tool is in use, please run with -XX:+EnableDynamicAgentLoading to hide this warning
WARNING: If a serviceability tool is not in use, please run with -Djdk.instrument.traceUsage for more information
WARNING: Dynamic loading of agents will be disallowed by default in a future release
]]></system-err>
  </testcase>
  <testcase name="getMyProfile" classname="com.in28minutes.springboot.controller.StudentControllerTest" time="0.071">
    <system-out><![CDATA[Hibernate: select s1_0.id,s1_0.age,s1_0.bio,s1_0.email,s1_0.gpa,s1_0.name,s1_0.password,s1_0.role,s1_0.username from students s1_0 where s1_0.username=?
Hibernate: select s1_0.id,s1_0.age,s1_0.bio,s1_0.email,s1_0.gpa,s1_0.name,s1_0.password,s1_0.role,s1_0.username from students s1_0 where s1_0.username=?
Hibernate: select e1_0.student_id,e1_0.id,e1_0.course_id,e1_0.enrolled_at,e1_0.grade,e1_0.status from enrollments e1_0 where e1_0.student_id=?
Hibernate: select c1_0.id,c1_0.credits,c1_0.description,c1_0.name from courses c1_0 where c1_0.id=?
Hibernate: select c1_0.id,c1_0.credits,c1_0.description,c1_0.name from courses c1_0 where c1_0.id=?
Hibernate: select c1_0.id,c1_0.credits,c1_0.description,c1_0.name from courses c1_0 where c1_0.id=?
]]></system-out>
  </testcase>
  <testcase name="getAllStudentsWithAuth" classname="com.in28minutes.springboot.controller.StudentControllerTest" time="0.075">
    <system-out><![CDATA[Hibernate: select s1_0.id,s1_0.age,s1_0.bio,s1_0.email,s1_0.gpa,s1_0.name,s1_0.password,s1_0.role,s1_0.username from students s1_0 where s1_0.username=?
Hibernate: select s1_0.id,s1_0.age,s1_0.bio,s1_0.email,s1_0.gpa,s1_0.name,s1_0.password,s1_0.role,s1_0.username from students s1_0
Hibernate: select e1_0.student_id,e1_0.id,e1_0.course_id,e1_0.enrolled_at,e1_0.grade,e1_0.status from enrollments e1_0 where e1_0.student_id=?
Hibernate: select e1_0.student_id,e1_0.id,e1_0.course_id,e1_0.enrolled_at,e1_0.grade,e1_0.status from enrollments e1_0 where e1_0.student_id=?
Hibernate: select c1_0.id,c1_0.credits,c1_0.description,c1_0.name from courses c1_0 where c1_0.id=?
Hibernate: select c1_0.id,c1_0.credits,c1_0.description,c1_0.name from courses c1_0 where c1_0.id=?
Hibernate: select c1_0.id,c1_0.credits,c1_0.description,c1_0.name from courses c1_0 where c1_0.id=?
Hibernate: select e1_0.student_id,e1_0.id,e1_0.course_id,e1_0.enrolled_at,e1_0.grade,e1_0.status from enrollments e1_0 where e1_0.student_id=?
Hibernate: select c1_0.id,c1_0.credits,c1_0.description,c1_0.name from courses c1_0 where c1_0.id=?
Hibernate: select c1_0.id,c1_0.credits,c1_0.description,c1_0.name from courses c1_0 where c1_0.id=?
Hibernate: select e1_0.student_id,e1_0.id,e1_0.course_id,e1_0.enrolled_at,e1_0.grade,e1_0.status from enrollments e1_0 where e1_0.student_id=?
Hibernate: select c1_0.id,c1_0.credits,c1_0.description,c1_0.name from courses c1_0 where c1_0.id=?
Hibernate: select e1_0.student_id,e1_0.id,e1_0.course_id,e1_0.enrolled_at,e1_0.grade,e1_0.status from enrollments e1_0 where e1_0.student_id=?
]]></system-out>
  </testcase>
  <testcase name="getStudentByIdNotFound" classname="com.in28minutes.springboot.controller.StudentControllerTest" time="0.073">
    <system-out><![CDATA[Hibernate: select s1_0.id,s1_0.age,s1_0.bio,s1_0.email,s1_0.gpa,s1_0.name,s1_0.password,s1_0.role,s1_0.username from students s1_0 where s1_0.username=?
Hibernate: select s1_0.id,s1_0.age,s1_0.bio,s1_0.email,s1_0.gpa,s1_0.name,s1_0.password,s1_0.role,s1_0.username from students s1_0 where s1_0.id=?
]]></system-out>
  </testcase>
  <testcase name="deleteStudentAsStudentForbidden" classname="com.in28minutes.springboot.controller.StudentControllerTest" time="0.067">
    <system-out><![CDATA[Hibernate: select s1_0.id,s1_0.age,s1_0.bio,s1_0.email,s1_0.gpa,s1_0.name,s1_0.password,s1_0.role,s1_0.username from students s1_0 where s1_0.username=?
]]></system-out>
  </testcase>
  <testcase name="searchStudentsByName" classname="com.in28minutes.springboot.controller.StudentControllerTest" time="0.129">
    <system-out><![CDATA[Hibernate: select s1_0.id,s1_0.age,s1_0.bio,s1_0.email,s1_0.gpa,s1_0.name,s1_0.password,s1_0.role,s1_0.username from students s1_0 where s1_0.username=?
Hibernate: select s1_0.id,s1_0.age,s1_0.bio,s1_0.email,s1_0.gpa,s1_0.name,s1_0.password,s1_0.role,s1_0.username from students s1_0 where upper(s1_0.name) like upper(?) escape '\'
Hibernate: select e1_0.student_id,e1_0.id,e1_0.course_id,e1_0.enrolled_at,e1_0.grade,e1_0.status from enrollments e1_0 where e1_0.student_id=?
Hibernate: select c1_0.id,c1_0.credits,c1_0.description,c1_0.name from courses c1_0 where c1_0.id=?
Hibernate: select c1_0.id,c1_0.credits,c1_0.description,c1_0.name from courses c1_0 where c1_0.id=?
Hibernate: select c1_0.id,c1_0.credits,c1_0.description,c1_0.name from courses c1_0 where c1_0.id=?
]]></system-out>
  </testcase>
  <testcase name="deleteStudentAsAdminSucceeds" classname="com.in28minutes.springboot.controller.StudentControllerTest" time="0.08">
    <system-out><![CDATA[Hibernate: select s1_0.id,s1_0.age,s1_0.bio,s1_0.email,s1_0.gpa,s1_0.name,s1_0.password,s1_0.role,s1_0.username from students s1_0 where s1_0.username=?
Hibernate: select count(*) from students s1_0 where s1_0.id=?
Hibernate: select s1_0.id,s1_0.age,s1_0.bio,s1_0.email,s1_0.gpa,s1_0.name,s1_0.password,s1_0.role,s1_0.username from students s1_0 where s1_0.id=?
Hibernate: select e1_0.student_id,e1_0.id,e1_0.course_id,e1_0.enrolled_at,e1_0.grade,e1_0.status from enrollments e1_0 where e1_0.student_id=?
Hibernate: delete from enrollments where id=?
Hibernate: delete from enrollments where id=?
Hibernate: delete from enrollments where id=?
Hibernate: delete from students where id=?
]]></system-out>
  </testcase>
  <testcase name="updateMyProfile" classname="com.in28minutes.springboot.controller.StudentControllerTest" time="0.09">
    <system-out><![CDATA[Hibernate: select s1_0.id,s1_0.age,s1_0.bio,s1_0.email,s1_0.gpa,s1_0.name,s1_0.password,s1_0.role,s1_0.username from students s1_0 where s1_0.username=?
Hibernate: select s1_0.id,s1_0.age,s1_0.bio,s1_0.email,s1_0.gpa,s1_0.name,s1_0.password,s1_0.role,s1_0.username from students s1_0 where s1_0.username=?
Hibernate: select e1_0.student_id,e1_0.id,e1_0.course_id,e1_0.enrolled_at,e1_0.grade,e1_0.status from enrollments e1_0 where e1_0.student_id=?
Hibernate: select c1_0.id,c1_0.credits,c1_0.description,c1_0.name from courses c1_0 where c1_0.id=?
Hibernate: select c1_0.id,c1_0.credits,c1_0.description,c1_0.name from courses c1_0 where c1_0.id=?
Hibernate: select c1_0.id,c1_0.credits,c1_0.description,c1_0.name from courses c1_0 where c1_0.id=?
Hibernate: update students set age=?,bio=?,email=?,gpa=?,name=?,password=?,role=?,username=? where id=?
]]></system-out>
  </testcase>
  <testcase name="searchStudentsNoResults" classname="com.in28minutes.springboot.controller.StudentControllerTest" time="0.067">
    <system-out><![CDATA[Hibernate: select s1_0.id,s1_0.age,s1_0.bio,s1_0.email,s1_0.gpa,s1_0.name,s1_0.password,s1_0.role,s1_0.username from students s1_0 where s1_0.username=?
Hibernate: select s1_0.id,s1_0.age,s1_0.bio,s1_0.email,s1_0.gpa,s1_0.name,s1_0.password,s1_0.role,s1_0.username from students s1_0 where upper(s1_0.name) like upper(?) escape '\'
]]></system-out>
  </testcase>
  <testcase name="updateMyProfileNameAndAge" classname="com.in28minutes.springboot.controller.StudentControllerTest" time="0.067">
    <failure message="Status expected:&lt;200&gt; but was:&lt;401&gt;" type="java.lang.AssertionError"><![CDATA[java.lang.AssertionError: Status expected:<200> but was:<401>
	at org.springframework.test.util.AssertionErrors.fail(AssertionErrors.java:62)
	at org.springframework.test.util.AssertionErrors.assertEquals(AssertionErrors.java:129)
	at org.springframework.test.web.servlet.result.StatusResultMatchers.lambda$matcher$0(StatusResultMatchers.java:564)
	at org.springframework.test.web.servlet.MockMvc$1.andExpect(MockMvc.java:212)
	at com.in28minutes.springboot.controller.StudentControllerTest.updateMyProfileNameAndAge(StudentControllerTest.java:88)
	at java.base/java.lang.reflect.Method.invoke(Method.java:565)
	at java.base/java.util.ArrayList.forEach(ArrayList.java:1604)
	at java.base/java.util.ArrayList.forEach(ArrayList.java:1604)
]]></failure>
    <system-out><![CDATA[Hibernate: select s1_0.id,s1_0.age,s1_0.bio,s1_0.email,s1_0.gpa,s1_0.name,s1_0.password,s1_0.role,s1_0.username from students s1_0 where s1_0.username=?

MockHttpServletRequest:
      HTTP Method = PUT
      Request URI = /api/students/me
       Parameters = {}
          Headers = [Content-Type:"application/json;charset=UTF-8", Content-Length:"57", Authorization:"Basic Y2Fyb2w6cGFzc3dvcmQxMjM="]
             Body = {"name":"Carol Updated","age":23,"email":null,"bio":null}
    Session Attrs = {}

Handler:
             Type = null

Async:
    Async started = false
     Async result = null

Resolved Exception:
             Type = null

ModelAndView:
        View name = null
             View = null
            Model = null

FlashMap:
       Attributes = null

MockHttpServletResponse:
           Status = 401
    Error message = Unauthorized
          Headers = [WWW-Authenticate:"Basic realm="Realm"", X-Content-Type-Options:"nosniff", X-XSS-Protection:"0", Cache-Control:"no-cache, no-store, max-age=0, must-revalidate", Pragma:"no-cache", Expires:"0", X-Frame-Options:"SAMEORIGIN"]
     Content type = null
             Body = 
    Forwarded URL = null
   Redirected URL = null
          Cookies = []
]]></system-out>
  </testcase>
  <testcase name="getAllStudentsRequiresAuth" classname="com.in28minutes.springboot.controller.StudentControllerTest" time="0.004"/>
  <testcase name="getStudentById" classname="com.in28minutes.springboot.controller.StudentControllerTest" time="0.067">
    <system-out><![CDATA[Hibernate: select s1_0.id,s1_0.age,s1_0.bio,s1_0.email,s1_0.gpa,s1_0.name,s1_0.password,s1_0.role,s1_0.username from students s1_0 where s1_0.username=?
Hibernate: select s1_0.id,s1_0.age,s1_0.bio,s1_0.email,s1_0.gpa,s1_0.name,s1_0.password,s1_0.role,s1_0.username from students s1_0 where s1_0.id=?
Hibernate: select e1_0.student_id,e1_0.id,e1_0.course_id,e1_0.enrolled_at,e1_0.grade,e1_0.status from enrollments e1_0 where e1_0.student_id=?
Hibernate: select c1_0.id,c1_0.credits,c1_0.description,c1_0.name from courses c1_0 where c1_0.id=?
Hibernate: select c1_0.id,c1_0.credits,c1_0.description,c1_0.name from courses c1_0 where c1_0.id=?
Hibernate: select c1_0.id,c1_0.credits,c1_0.description,c1_0.name from courses c1_0 where c1_0.id=?
]]></system-out>
  </testcase>
  <testcase name="studentProfileIncludesGpa" classname="com.in28minutes.springboot.controller.StudentControllerTest" time="0.069">
    <system-out><![CDATA[Hibernate: select s1_0.id,s1_0.age,s1_0.bio,s1_0.email,s1_0.gpa,s1_0.name,s1_0.password,s1_0.role,s1_0.username from students s1_0 where s1_0.username=?
Hibernate: select s1_0.id,s1_0.age,s1_0.bio,s1_0.email,s1_0.gpa,s1_0.name,s1_0.password,s1_0.role,s1_0.username from students s1_0 where s1_0.username=?
Hibernate: select e1_0.student_id,e1_0.id,e1_0.course_id,e1_0.enrolled_at,e1_0.grade,e1_0.status from enrollments e1_0 where e1_0.student_id=?
Hibernate: select c1_0.id,c1_0.credits,c1_0.description,c1_0.name from courses c1_0 where c1_0.id=?
Hibernate: select c1_0.id,c1_0.credits,c1_0.description,c1_0.name from courses c1_0 where c1_0.id=?
Hibernate: select c1_0.id,c1_0.credits,c1_0.description,c1_0.name from courses c1_0 where c1_0.id=?
]]></system-out>
  </testcase>
</testsuite>