<?xml version="1.0" encoding="UTF-8"?>
<testsuite xmlns:xsi="http://www.w3.org/2001/XMLSchema-instance" xsi:noNamespaceSchemaLocation="https://maven.apache.org/surefire/maven-surefire-plugin/xsd/surefire-test-report.xsd" version="3.0.2" name="com.in28minutes.springboot.StudentServicesApplicationTests" time="0.214" tests="1" errors="0" skipped="0" failures="0">
  <properties>
[...]
</properties>
  <testcase name="contextLoads" classname="com.in28minutes.springboot.StudentServicesApplicationTests" time="0.001">
    <system-out><![CDATA[2026-03-12T14:22:08.950-04:00  INFO 12146 --- [           main] [                                                 ] t.c.s.AnnotationConfigContextLoaderUtils : Could not detect default configuration classes for test class [com.in28minutes.springboot.StudentServicesApplicationTests]: StudentServicesApplicationTests does not declare any static, non-private, non-final, nested classes annotated with @Configuration.
2026-03-12T14:22:08.953-04:00  INFO 12146 --- [           main] [                                                 ] .b.t.c.SpringBootTestContextBootstrapper : Found @SpringBootConfiguration com.in28minutes.springboot.StudentServicesApplication for test class com.in28minutes.springboot.StudentServicesApplicationTests
2026-03-12T14:22:08.954-04:00  INFO 12146 --- [           main] [                                                 ] o.s.b.d.r.RestartApplicationListener     : Restart disabled due to context in which it is running

  .   ____          _            __ _ _
 /\\ / ___'_ __ _ _(_)_ __  __ _ \ \ \ \
( ( )\___ | '_ | '_| | '_ \/ _` | \ \ \ \
 \\/  ___)| |_)| | | | | || (_| |  ) ) ) )
  '  |____| .__|_| |_|_| |_\__, | / / / /
 =========|_|==============|___/=/_/_/_/

 :: Spring Boot ::             (v4.0.0-M1)

2026-03-12T14:22:08.962-04:00  INFO 12146 --- [           main] [                                                 ] c.i.s.StudentServicesApplicationTests    : Starting StudentServicesApplicationTests using Java 24.0.1 with PID 12146 (started by od in /Users/od/Documents/github/ecs-deployment-automation/spring-boot-examples/spring-boot-web-application)
2026-03-12T14:22:08.962-04:00  INFO 12146 --- [           main] [                                                 ] c.i.s.StudentServicesApplicationTests    : No active profile set, falling back to 1 default profile: "default"
2026-03-12T14:22:09.017-04:00  INFO 12146 --- [           main] [                                                 ] .s.d.r.c.RepositoryConfigurationDelegate : Bootstrapping Spring Data JPA repositories in DEFAULT mode.
2026-03-12T14:22:09.022-04:00  INFO 12146 --- [           main] [                                                 ] .s.d.r.c.RepositoryConfigurationDelegate : Finished Spring Data repository scanning in 3 ms. Found 3 JPA repository interfaces.
2026-03-12T14:22:09.049-04:00  INFO 12146 --- [           main] [                                                 ] o.hibernate.jpa.internal.util.LogHelper  : HHH000204: Processing PersistenceUnitInfo [name: default]
2026-03-12T14:22:09.056-04:00  INFO 12146 --- [           main] [                                                 ] o.s.o.j.p.SpringPersistenceUnitInfo      : No LoadTimeWeaver setup: ignoring JPA class transformer
2026-03-12T14:22:09.056-04:00  INFO 12146 --- [           main] [                                                 ] com.zaxxer.hikari.HikariDataSource       : HikariPool-2 - Starting...
2026-03-12T14:22:09.057-04:00  INFO 12146 --- [           main] [                                                 ] com.zaxxer.hikari.pool.HikariPool        : HikariPool-2 - Added connection conn10: url=jdbc:h2:mem:studentdb user=SA
2026-03-12T14:22:09.057-04:00  INFO 12146 --- [           main] [                                                 ] com.zaxxer.hikari.HikariDataSource       : HikariPool-2 - Start completed.
2026-03-12T14:22:09.057-04:00  WARN 12146 --- [           main] [                                                 ] org.hibernate.orm.deprecation            : HHH90000025: H2Dialect does not need to be specified explicitly using 'hibernate.dialect' (remove the property setting and it will be selected by default)
2026-03-12T14:22:09.057-04:00  INFO 12146 --- [           main] [                                                 ] org.hibernate.orm.connections.pooling    : HHH10001005: Database info:
	Database JDBC URL [jdbc:h2:mem:studentdb]
	Database driver: H2 JDBC Driver
	Database version: 2.3.232
	Autocommit mode: undefined/unknown
	Isolation level: READ_COMMITTED [default READ_COMMITTED]
	Pool: DatasourceConnectionProviderImpl
	Minimum pool size: undefined/unknown
	Maximum pool size: undefined/unknown
2026-03-12T14:22:09.073-04:00  INFO 12146 --- [           main] [                                                 ] o.h.e.t.j.p.i.JtaPlatformInitiator       : HHH000489: No JTA platform available (set 'hibernate.transaction.jta.platform' to enable JTA platform integration)
Hibernate: alter table if exists enrollments drop constraint if exists UKi0g6mfijtuh199nj653nva6j5
Hibernate: alter table if exists enrollments add constraint UKi0g6mfijtuh199nj653nva6j5 unique (student_id, course_id)
2026-03-12T14:22:09.078-04:00  INFO 12146 --- [           main] [                                                 ] j.LocalContainerEntityManagerFactoryBean : Initialized JPA EntityManagerFactory for persistence unit 'default'
2026-03-12T14:22:09.107-04:00  WARN 12146 --- [           main] [                                                 ] JpaBaseConfiguration$JpaWebConfiguration : spring.jpa.open-in-view is enabled by default. Therefore, database queries may be performed during view rendering. Explicitly configure spring.jpa.open-in-view to disable this warning
2026-03-12T14:22:09.115-04:00  INFO 12146 --- [           main] [                                                 ] r$InitializeUserDetailsManagerConfigurer : Global AuthenticationManager configured with UserDetailsService bean with name studentDetailsService
2026-03-12T14:22:09.155-04:00  INFO 12146 --- [           main] [                                                 ] o.s.b.a.e.web.EndpointLinksResolver      : Exposing 1 endpoint beneath base path '/actuator'
2026-03-12T14:22:09.160-04:00  INFO 12146 --- [           main] [                                                 ] c.i.s.StudentServicesApplicationTests    : Started StudentServicesApplicationTests in 0.206 seconds (process running for 5.729)
Hibernate: select count(*) from students s1_0
]]></system-out>
  </testcase>
</testsuite>